2024-06-24 03:55:34,441 - Initial USDC balance: 99.0
2024-06-24 16:35:55,082 - Initial USDC balance: 114.0
2024-06-24 16:39:07,630 - Initial USDC balance: 114.0
2024-06-24 16:39:07,630 - Starting trading balance: 99
2024-06-24 17:15:52,600 - Initial USDC balance: 114.0
2024-06-24 17:15:52,705 - Starting trading balance: 99
2024-06-24 17:15:52,885 - Error fetching balance: object dict can't be used in 'await' expression
2024-06-24 17:15:53,071 - Trade log saved to trade_log.csv
2024-06-24 17:16:53,248 - Error fetching balance: object dict can't be used in 'await' expression
2024-06-24 17:16:53,250 - Trade log saved to trade_log.csv
2024-06-24 17:17:53,431 - Error fetching balance: object dict can't be used in 'await' expression
2024-06-24 17:17:53,434 - Trade log saved to trade_log.csv
2024-06-24 17:18:53,611 - Error fetching balance: object dict can't be used in 'await' expression
2024-06-24 17:18:53,613 - Trade log saved to trade_log.csv
2024-06-24 17:19:53,804 - Error fetching balance: object dict can't be used in 'await' expression
2024-06-24 17:19:53,909 - Trade log saved to trade_log.csv
2024-06-24 17:20:54,129 - Error fetching balance: object dict can't be used in 'await' expression
2024-06-24 17:20:54,314 - Trade log saved to trade_log.csv
2024-06-24 17:21:54,596 - Error fetching balance: object dict can't be used in 'await' expression
2024-06-24 17:21:54,599 - Trade log saved to trade_log.csv
2024-06-24 17:22:54,772 - Error fetching balance: object dict can't be used in 'await' expression
2024-06-24 17:22:54,777 - Trade log saved to trade_log.csv
2024-06-24 17:23:54,959 - Error fetching balance: object dict can't be used in 'await' expression
2024-06-24 17:23:54,961 - Trade log saved to trade_log.csv
2024-06-24 17:24:55,164 - Error fetching balance: object dict can't be used in 'await' expression
2024-06-24 17:24:55,167 - Trade log saved to trade_log.csv
2024-06-24 17:25:55,359 - Error fetching balance: object dict can't be used in 'await' expression
2024-06-24 17:25:55,364 - Trade log saved to trade_log.csv
2024-06-24 17:26:55,543 - Error fetching balance: object dict can't be used in 'await' expression
2024-06-24 17:26:55,546 - Trade log saved to trade_log.csv
2024-06-24 17:27:55,750 - Error fetching balance: object dict can't be used in 'await' expression
2024-06-24 17:27:55,751 - Trade log saved to trade_log.csv
2024-06-24 17:28:55,942 - Error fetching balance: object dict can't be used in 'await' expression
2024-06-24 17:28:55,944 - Trade log saved to trade_log.csv
2024-06-24 17:29:56,145 - Error fetching balance: object dict can't be used in 'await' expression
2024-06-24 17:29:56,147 - Trade log saved to trade_log.csv
2024-06-24 17:30:56,351 - Error fetching balance: object dict can't be used in 'await' expression
2024-06-24 17:30:56,361 - Trade log saved to trade_log.csv
2024-06-24 17:31:56,536 - Error fetching balance: object dict can't be used in 'await' expression
2024-06-24 17:31:56,538 - Trade log saved to trade_log.csv
2024-06-24 17:42:19,841 - Initial USDC balance: 114.0
2024-06-24 17:42:19,860 - Starting trading balance: 99
2024-06-24 17:46:00,537 - Initial USDC balance: 114.0
2024-06-24 17:46:00,549 - Starting trading balance: 99
2024-06-24 17:46:00,733 - Updated USDC balance: 114.0, Compounding balance: 99
2024-06-24 17:52:56,717 - Initial USDC balance: 114.0
2024-06-24 17:52:56,816 - Starting trading balance: 99
2024-06-24 17:52:57,789 - Updated USDC balance: 114.0, Compounding balance: 99
2024-06-24 17:52:57,819 - Trade log saved to trade_log.csv
2024-06-24 17:53:58,533 - Updated USDC balance: 114.0, Compounding balance: 99
2024-06-24 17:53:59,351 - Trade log saved to trade_log.csv
2024-06-24 17:54:59,865 - Updated USDC balance: 114.0, Compounding balance: 99
2024-06-24 17:55:00,016 - Trade log saved to trade_log.csv
2024-06-24 17:56:00,503 - Updated USDC balance: 114.0, Compounding balance: 99
2024-06-24 17:56:00,508 - Trade log saved to trade_log.csv
2024-06-24 17:57:01,003 - Updated USDC balance: 114.0, Compounding balance: 99
2024-06-24 17:57:01,011 - Trade log saved to trade_log.csv
2024-06-24 17:58:01,608 - Updated USDC balance: 114.0, Compounding balance: 99
2024-06-24 17:58:01,635 - Trade log saved to trade_log.csv
2024-06-24 17:59:02,140 - Updated USDC balance: 114.0, Compounding balance: 99
2024-06-24 17:59:02,159 - Trade log saved to trade_log.csv
2024-06-24 18:00:03,063 - Updated USDC balance: 114.0, Compounding balance: 99
2024-06-24 18:00:03,070 - Trade log saved to trade_log.csv
2024-06-24 18:01:04,083 - Updated USDC balance: 114.0, Compounding balance: 99
2024-06-24 18:01:04,103 - Trade log saved to trade_log.csv
